<?xml version="1.0" encoding="UTF-8"?>
<!-- Generated by org.testng.reporters.JUnitReportReporter -->
<testsuite hostname="IN-39DXTN3" failures="0" tests="1" name="testSauceDemo.performance_glitch_user" time="12.021" errors="0" timestamp="2023-01-05T21:54:53 IST" skipped="0">
  <testcase classname="testSauceDemo.performance_glitch_user" name="login_glitch_User" time="12.021"/>
  <system-out/>
</testsuite> <!-- testSauceDemo.performance_glitch_user -->
