<?xml version="1.0" encoding="UTF-8"?>
<!-- Generated by org.testng.reporters.JUnitReportReporter -->
<testsuite hostname="IN-39DXTN3" failures="0" tests="1" name="testSauceDemo.login_ProblemUser" time="7.073" errors="0" timestamp="2022-11-17T21:30:26 IST" skipped="0">
  <testcase classname="testSauceDemo.login_ProblemUser" name="login_Problem_User" time="7.073"/>
  <system-out/>
</testsuite> <!-- testSauceDemo.login_ProblemUser -->
