<?xml version="1.0" encoding="UTF-8"?>
<!-- Generated by org.testng.reporters.JUnitReportReporter -->
<testsuite hostname="IN-39DXTN3" failures="0" tests="5" name="testSauceDemo.TestValidCompleteFlow" time="26.461" errors="0" timestamp="2022-10-10T13:05:07 IST" skipped="0">
  <testcase classname="testSauceDemo.TestValidCompleteFlow" name="validloginpage" time="8.397"/>
  <system-out/>
  <testcase classname="testSauceDemo.TestValidCompleteFlow" name="addProductToCart" time="8.577"/>
  <system-out/>
  <testcase classname="testSauceDemo.TestValidCompleteFlow" name="enterUserInfo" time="6.641"/>
  <system-out/>
  <testcase classname="testSauceDemo.TestValidCompleteFlow" name="Checkout" time="1.326"/>
  <system-out/>
  <testcase classname="testSauceDemo.TestValidCompleteFlow" name="completeCheckout" time="1.520"/>
  <system-out/>
</testsuite> <!-- testSauceDemo.TestValidCompleteFlow -->
