<?xml version="1.0" encoding="UTF-8"?>
<!-- Generated by org.testng.reporters.JUnitReportReporter -->
<testsuite hostname="Dell-Latitude" failures="0" tests="1" name="testSauceDemo.performance_glitch_user" time="12.041" errors="0" timestamp="2024-08-23T22:58:01 IST" skipped="0">
  <testcase classname="testSauceDemo.performance_glitch_user" name="login_glitch_User" time="12.041"/>
  <system-out/>
</testsuite> <!-- testSauceDemo.performance_glitch_user -->
