<?xml version="1.0" encoding="UTF-8"?>
<!-- Generated by org.testng.reporters.JUnitReportReporter -->
<testsuite hostname="IN-39DXTN3" failures="0" tests="1" name="testSauceDemo.locked_out_user" time="6.477" errors="0" timestamp="2023-01-05T21:54:53 IST" skipped="0">
  <testcase classname="testSauceDemo.locked_out_user" name="login_locked_User" time="6.477"/>
  <system-out/>
</testsuite> <!-- testSauceDemo.locked_out_user -->
