<?xml version="1.0" encoding="UTF-8"?>
<!-- Generated by org.testng.reporters.JUnitReportReporter -->
<testsuite hostname="IN-39DXTN3" failures="0" tests="5" name="testSauceDemo.TestValidCompleteFlow" time="24.893" errors="0" timestamp="2022-11-16T18:29:06 IST" skipped="0">
  <testcase classname="testSauceDemo.TestValidCompleteFlow" name="validloginpage" time="6.910"/>
  <system-out/>
  <testcase classname="testSauceDemo.TestValidCompleteFlow" name="addProductToCart" time="8.670"/>
  <system-out/>
  <testcase classname="testSauceDemo.TestValidCompleteFlow" name="enterUserInfo" time="6.536"/>
  <system-out/>
  <testcase classname="testSauceDemo.TestValidCompleteFlow" name="Checkout" time="1.298"/>
  <system-out/>
  <testcase classname="testSauceDemo.TestValidCompleteFlow" name="completeCheckout" time="1.479"/>
  <system-out/>
</testsuite> <!-- testSauceDemo.TestValidCompleteFlow -->
