<?xml version="1.0" encoding="UTF-8"?>
<!-- Generated by org.testng.reporters.JUnitReportReporter -->
<testsuite hostname="Dell-Latitude" failures="0" tests="1" name="testSauceDemo.locked_out_user" time="7.370" errors="0" timestamp="2024-08-23T22:58:01 IST" skipped="0">
  <testcase classname="testSauceDemo.locked_out_user" name="login_locked_User" time="7.370"/>
  <system-out/>
</testsuite> <!-- testSauceDemo.locked_out_user -->
