<?xml version="1.0" encoding="UTF-8"?>
<!-- Generated by org.testng.reporters.JUnitReportReporter -->
<testsuite hostname="IN-39DXTN3" failures="0" tests="5" name="testSauceDemo.TestValidCompleteFlow" time="24.394" errors="0" timestamp="2023-01-05T21:54:53 IST" skipped="0">
  <testcase classname="testSauceDemo.TestValidCompleteFlow" name="validloginpage" time="6.350"/>
  <system-out/>
  <testcase classname="testSauceDemo.TestValidCompleteFlow" name="addProductToCart" time="8.697"/>
  <system-out/>
  <testcase classname="testSauceDemo.TestValidCompleteFlow" name="enterUserInfo" time="6.536"/>
  <system-out/>
  <testcase classname="testSauceDemo.TestValidCompleteFlow" name="Checkout" time="1.287"/>
  <system-out/>
  <testcase classname="testSauceDemo.TestValidCompleteFlow" name="completeCheckout" time="1.524"/>
  <system-out/>
</testsuite> <!-- testSauceDemo.TestValidCompleteFlow -->
