<?xml version="1.0" encoding="UTF-8"?>
<!-- Generated by org.testng.reporters.JUnitReportReporter -->
<testsuite hostname="Dell-Latitude" failures="0" tests="1" name="testSauceDemo.login_ProblemUser" time="6.994" errors="0" timestamp="2024-08-23T22:58:01 IST" skipped="0">
  <testcase classname="testSauceDemo.login_ProblemUser" name="login_Problem_User" time="6.994"/>
  <system-out/>
</testsuite> <!-- testSauceDemo.login_ProblemUser -->
