<?xml version="1.0" encoding="UTF-8"?>
<!-- Generated by org.testng.reporters.JUnitReportReporter -->
<testsuite hostname="DESKTOP-5NC6EFS" failures="0" tests="1" name="testSauceDemo.performance_glitch_user" time="7.053" errors="0" timestamp="2024-08-09T23:44:44 IST" skipped="0">
  <testcase classname="testSauceDemo.performance_glitch_user" name="login_glitch_User" time="7.053"/>
  <system-out/>
</testsuite> <!-- testSauceDemo.performance_glitch_user -->
