<?xml version="1.0" encoding="UTF-8"?>
<!-- Generated by org.testng.reporters.JUnitReportReporter -->
<testsuite hostname="IN-39DXTN3" failures="0" tests="5" name="testSauceDemo.TestValidCompleteFlow" time="24.338" errors="0" timestamp="2022-11-17T21:30:26 IST" skipped="0">
  <testcase classname="testSauceDemo.TestValidCompleteFlow" name="validloginpage" time="6.332"/>
  <system-out/>
  <testcase classname="testSauceDemo.TestValidCompleteFlow" name="addProductToCart" time="8.698"/>
  <system-out/>
  <testcase classname="testSauceDemo.TestValidCompleteFlow" name="enterUserInfo" time="6.535"/>
  <system-out/>
  <testcase classname="testSauceDemo.TestValidCompleteFlow" name="Checkout" time="1.283"/>
  <system-out/>
  <testcase classname="testSauceDemo.TestValidCompleteFlow" name="completeCheckout" time="1.490"/>
  <system-out/>
</testsuite> <!-- testSauceDemo.TestValidCompleteFlow -->
