<?xml version="1.0" encoding="UTF-8"?>
<!-- Generated by org.testng.reporters.JUnitReportReporter -->
<testsuite hostname="IN-39DXTN3" failures="0" tests="1" name="testSauceDemo.login_ProblemUser" time="6.490" errors="0" timestamp="2023-04-14T11:22:05 IST" skipped="0">
  <testcase classname="testSauceDemo.login_ProblemUser" name="login_Problem_User" time="6.490"/>
  <system-out/>
</testsuite> <!-- testSauceDemo.login_ProblemUser -->
