<?xml version="1.0" encoding="UTF-8"?>
<!-- Generated by org.testng.reporters.JUnitReportReporter -->
<testsuite hostname="IN-39DXTN3" failures="0" tests="1" name="testSauceDemo.login_ProblemUser" time="7.362" errors="0" timestamp="2023-01-05T21:54:53 IST" skipped="0">
  <testcase classname="testSauceDemo.login_ProblemUser" name="login_Problem_User" time="7.362"/>
  <system-out/>
</testsuite> <!-- testSauceDemo.login_ProblemUser -->
