<?xml version="1.0" encoding="UTF-8"?>
<!-- Generated by org.testng.reporters.JUnitReportReporter -->
<testsuite hostname="IN-39DXTN3" failures="0" tests="1" name="testSauceDemo.login_ProblemUser" time="8.132" errors="0" timestamp="2022-11-16T18:29:06 IST" skipped="0">
  <testcase classname="testSauceDemo.login_ProblemUser" name="login_Problem_User" time="8.132"/>
  <system-out/>
</testsuite> <!-- testSauceDemo.login_ProblemUser -->
