<?xml version="1.0" encoding="UTF-8"?>
<!-- Generated by org.testng.reporters.JUnitReportReporter -->
<testsuite hostname="DESKTOP-5NC6EFS" failures="0" tests="1" name="testSauceDemo.locked_out_user" time="6.586" errors="0" timestamp="2024-08-09T23:44:44 IST" skipped="0">
  <testcase classname="testSauceDemo.locked_out_user" name="login_locked_User" time="6.586"/>
  <system-out/>
</testsuite> <!-- testSauceDemo.locked_out_user -->
