<?xml version="1.0" encoding="UTF-8"?>
<!-- Generated by org.testng.reporters.JUnitReportReporter -->
<testsuite hostname="IN-39DXTN3" failures="0" tests="1" name="testSauceDemo.TC1" time="4.644" errors="0" timestamp="2022-11-14T20:29:50 IST" skipped="0">
  <testcase classname="testSauceDemo.TC1" name="Test1" time="4.644"/>
  <system-out/>
</testsuite> <!-- testSauceDemo.TC1 -->
