<?xml version="1.0" encoding="UTF-8"?>
<!-- Generated by org.testng.reporters.JUnitReportReporter -->
<testsuite hostname="DESKTOP-5NC6EFS" failures="0" tests="1" name="testSauceDemo.login_ProblemUser" time="7.274" errors="0" timestamp="2024-08-09T23:40:48 IST" skipped="0">
  <testcase classname="testSauceDemo.login_ProblemUser" name="login_Problem_User" time="7.274"/>
  <system-out/>
</testsuite> <!-- testSauceDemo.login_ProblemUser -->
